<?xml version="1.0" encoding="UTF-8"?>
<!-- Generated by org.testng.reporters.JUnitXMLReporter -->
<testsuite hostname="DLLA28P3273" ignored="0" name="Test_Tatoc_Advanced" tests="2" failures="1" timestamp="2020-02-03T18:34:30 IST" time="5.873" errors="0">
  <testcase name="launchTatocAdvancedCourse" time="1.634" classname="tatoc_Advanced_TestNG.Driver"/>
  <testcase name="hoverMenu" time="0.0" classname="tatoc_Advanced_TestNG.Task1_Hover">
    <failure type="org.testng.TestNGException" message="
Cannot inject @Test annotated Method [hoverMenu] with [interface org.openqa.selenium.WebDriver].
For more information on native dependency injection please refer to http://testng.org/doc/documentation-main.html#native-dependency-injection">
      <![CDATA[org.testng.TestNGException: 
Cannot inject @Test annotated Method [hoverMenu] with [interface org.openqa.selenium.WebDriver].
For more information on native dependency injection please refer to http://testng.org/doc/documentation-main.html#native-dependency-injection
at java.util.ArrayList.forEach(Unknown Source)
... Removed 26 stack frames]]>
    </failure>
  </testcase> <!-- hoverMenu -->
</testsuite> <!-- Test_Tatoc_Advanced -->
